<?xml version="1.0" encoding="UTF-8"?>
<!-- Generated by org.testng.reporters.JUnitReportReporter -->
<testsuite hostname="DESKTOP-0IJD7UK" failures="0" tests="2" name="pkgTest.UITest" time="0.810" errors="0" timestamp="2024-04-10T13:03:44 PDT" skipped="0">
  <testcase classname="pkgTest.UITest" name="close_pop_up" time="0.592"/>
  <testcase classname="pkgTest.UITest" name="validate_logo" time="0.218"/>
</testsuite> <!-- pkgTest.UITest -->
