<?xml version="1.0" encoding="UTF-8"?>
<!-- Generated by org.testng.reporters.JUnitReportReporter -->
<testsuite hostname="DESKTOP-0IJD7UK" failures="0" tests="1" name="pkgCucumber.TestNGTestRunner" time="34.254" errors="0" timestamp="2024-06-17T22:09:49 PDT" skipped="0">
  <testcase classname="pkgCucumber.TestNGTestRunner" name="runScenario" time="34.254"/>
</testsuite> <!-- pkgCucumber.TestNGTestRunner -->
