<?xml version="1.0" encoding="UTF-8"?>
<!-- Generated by org.testng.reporters.JUnitReportReporter -->
<testsuite hostname="DESKTOP-0IJD7UK" failures="0" tests="12" name="pkgCucumber.TestNGTestRunner" time="306.066" errors="0" timestamp="2024-06-17T22:26:17 PDT" skipped="0">
  <testcase classname="pkgCucumber.TestNGTestRunner" name="runScenario" time="21.047"/>
  <testcase classname="pkgCucumber.TestNGTestRunner" name="runScenario" time="33.772"/>
  <testcase classname="pkgCucumber.TestNGTestRunner" name="runScenario" time="17.139"/>
  <testcase classname="pkgCucumber.TestNGTestRunner" name="runScenario" time="25.425"/>
  <testcase classname="pkgCucumber.TestNGTestRunner" name="runScenario" time="14.623"/>
  <testcase classname="pkgCucumber.TestNGTestRunner" name="runScenario" time="26.713"/>
  <testcase classname="pkgCucumber.TestNGTestRunner" name="runScenario" time="31.072"/>
  <testcase classname="pkgCucumber.TestNGTestRunner" name="runScenario" time="14.548"/>
  <testcase classname="pkgCucumber.TestNGTestRunner" name="runScenario" time="57.365"/>
  <testcase classname="pkgCucumber.TestNGTestRunner" name="runScenario" time="27.026"/>
  <testcase classname="pkgCucumber.TestNGTestRunner" name="runScenario" time="16.207"/>
  <testcase classname="pkgCucumber.TestNGTestRunner" name="runScenario" time="21.129"/>
</testsuite> <!-- pkgCucumber.TestNGTestRunner -->
