<?xml version="1.0" encoding="UTF-8"?>
<!-- Generated by org.testng.reporters.JUnitReportReporter -->
<testsuite hostname="DESKTOP-0IJD7UK" failures="0" tests="7" name="pkgCucumber.TestNGTestRunner" time="130.936" errors="0" timestamp="2024-04-12T13:29:05 PDT" skipped="0">
  <testcase classname="pkgCucumber.TestNGTestRunner" name="runScenario" time="13.640"/>
  <testcase classname="pkgCucumber.TestNGTestRunner" name="runScenario" time="16.412"/>
  <testcase classname="pkgCucumber.TestNGTestRunner" name="runScenario" time="18.219"/>
  <testcase classname="pkgCucumber.TestNGTestRunner" name="runScenario" time="31.800"/>
  <testcase classname="pkgCucumber.TestNGTestRunner" name="runScenario" time="17.464"/>
  <testcase classname="pkgCucumber.TestNGTestRunner" name="runScenario" time="17.861"/>
  <testcase classname="pkgCucumber.TestNGTestRunner" name="runScenario" time="15.540"/>
</testsuite> <!-- pkgCucumber.TestNGTestRunner -->
