<?xml version="1.0" encoding="UTF-8"?>
<!-- Generated by org.testng.reporters.JUnitReportReporter -->
<testsuite hostname="DESKTOP-0IJD7UK" failures="0" tests="1" name="pkgCucumber.TestNGTestRunner" time="28.188" errors="0" timestamp="2024-04-15T13:38:19 PDT" skipped="0">
  <testcase classname="pkgCucumber.TestNGTestRunner" name="runScenario" time="28.188"/>
</testsuite> <!-- pkgCucumber.TestNGTestRunner -->
