<?xml version="1.0" encoding="UTF-8"?>
<!-- Generated by org.testng.reporters.JUnitReportReporter -->
<testsuite hostname="DESKTOP-0IJD7UK" failures="0" tests="3" name="pkgTest.UITest" time="1.505" errors="0" timestamp="2024-04-10T13:20:28 PDT" skipped="0">
  <testcase classname="pkgTest.UITest" name="close_pop_up" time="1.287"/>
  <testcase classname="pkgTest.UITest" name="validate_logo" time="0.128"/>
  <testcase classname="pkgTest.UITest" name="validate_reserve_online_message" time="0.090"/>
</testsuite> <!-- pkgTest.UITest -->
