<?xml version="1.0" encoding="UTF-8"?>
<!-- Generated by org.testng.reporters.JUnitReportReporter -->
<testsuite hostname="DESKTOP-0IJD7UK" failures="0" tests="2" name="pkgCucumber.TestNGTestRunner" time="63.944" errors="0" timestamp="2024-04-17T20:23:24 PDT" skipped="0">
  <testcase classname="pkgCucumber.TestNGTestRunner" name="runScenario" time="32.815"/>
  <testcase classname="pkgCucumber.TestNGTestRunner" name="runScenario" time="31.129"/>
</testsuite> <!-- pkgCucumber.TestNGTestRunner -->
