<?xml version="1.0" encoding="UTF-8"?>
<!-- Generated by org.testng.reporters.JUnitReportReporter -->
<testsuite hostname="DESKTOP-0IJD7UK" failures="0" tests="3" name="pkgCucumber.TestNGTestRunner" time="49.328" errors="0" timestamp="2024-04-12T09:19:33 PDT" skipped="0">
  <testcase classname="pkgCucumber.TestNGTestRunner" name="runScenario" time="18.166"/>
  <testcase classname="pkgCucumber.TestNGTestRunner" name="runScenario" time="17.460"/>
  <testcase classname="pkgCucumber.TestNGTestRunner" name="runScenario" time="13.702"/>
</testsuite> <!-- pkgCucumber.TestNGTestRunner -->
