<?xml version="1.0" encoding="UTF-8"?>
<!-- Generated by org.testng.reporters.JUnitReportReporter -->
<testsuite hostname="DESKTOP-0IJD7UK" failures="0" tests="3" name="pkgTest.UITest" time="15.415" errors="0" timestamp="2024-10-24T21:59:33 PDT" skipped="0">
  <testcase classname="pkgTest.UITest" name="close_pop_up" time="15.240"/>
  <testcase classname="pkgTest.UITest" name="validate_logo" time="0.120"/>
  <testcase classname="pkgTest.UITest" name="validate_reserve_online_message" time="0.055"/>
</testsuite> <!-- pkgTest.UITest -->
