<?xml version="1.0" encoding="UTF-8"?>
<!-- Generated by org.testng.reporters.JUnitReportReporter -->
<testsuite hostname="DESKTOP-0IJD7UK" failures="0" tests="11" name="pkgCucumber.TestNGTestRunner" time="377.779" errors="1" timestamp="2024-05-23T13:50:36 PDT" skipped="0">
  <testcase classname="pkgCucumber.TestNGTestRunner" name="runScenario" time="100.811"/>
  <testcase classname="pkgCucumber.TestNGTestRunner" name="runScenario" time="33.505"/>
  <testcase classname="pkgCucumber.TestNGTestRunner" name="runScenario" time="32.665"/>
  <testcase classname="pkgCucumber.TestNGTestRunner" name="runScenario" time="14.629"/>
  <testcase classname="pkgCucumber.TestNGTestRunner" name="runScenario" time="24.885"/>
  <testcase classname="pkgCucumber.TestNGTestRunner" name="runScenario" time="15.237"/>
  <testcase classname="pkgCucumber.TestNGTestRunner" name="runScenario" time="18.119"/>
  <testcase classname="pkgCucumber.TestNGTestRunner" name="runScenario" time="41.718"/>
  <testcase classname="pkgCucumber.TestNGTestRunner" name="runScenario" time="50.606"/>
  <testcase classname="pkgCucumber.TestNGTestRunner" name="runScenario" time="15.229"/>
  <testcase classname="pkgCucumber.TestNGTestRunner" name="runScenario" time="30.375">
    <error message="Cannot locate option with text: Camry
For documentation on this error, please visit: https://selenium.dev/exceptions/#no_such_element
Build info: version: &#039;4.1.4&#039;, revision: &#039;535d840ee2&#039;
System info: host: &#039;DESKTOP-0IJD7UK&#039;, ip: &#039;10.0.0.24&#039;, os.name: &#039;Windows 10&#039;, os.arch: &#039;amd64&#039;, os.version: &#039;10.0&#039;, java.version: &#039;21.0.1&#039;
Driver info: driver.version: unknown" type="org.openqa.selenium.NoSuchElementException">
      <![CDATA[org.openqa.selenium.NoSuchElementException: Cannot locate option with text: Camry
For documentation on this error, please visit: https://selenium.dev/exceptions/#no_such_element
Build info: version: '4.1.4', revision: '535d840ee2'
System info: host: 'DESKTOP-0IJD7UK', ip: '10.0.0.24', os.name: 'Windows 10', os.arch: 'amd64', os.version: '10.0', java.version: '21.0.1'
Driver info: driver.version: unknown
at org.openqa.selenium.support.ui.Select.selectByVisibleText(Select.java:151)
at pkgTest.Page_Objects_Home_Page.select_vehicle_model(Page_Objects_Home_Page.java:367)
at pkgStepDefinitions.Step_Defs.select_model(Step_Defs.java:97)
at âœ½.I select vehicle model Camry(file:///C:/Users/Abhi/Desktop/Selenium/Eclipse/Automation_FW/src/test/java/pkgCucumber/test_cases.feature:98)
]]>
    </error>
  </testcase> <!-- runScenario -->
</testsuite> <!-- pkgCucumber.TestNGTestRunner -->
