<?xml version="1.0" encoding="UTF-8"?>
<!-- Generated by org.testng.reporters.JUnitReportReporter -->
<testsuite hostname="DESKTOP-0IJD7UK" failures="0" tests="11" name="pkgCucumber.TestNGTestRunner" time="330.005" errors="2" timestamp="2024-05-21T15:39:46 PDT" skipped="0">
  <testcase classname="pkgCucumber.TestNGTestRunner" name="runScenario" time="39.665"/>
  <testcase classname="pkgCucumber.TestNGTestRunner" name="runScenario" time="15.241"/>
  <testcase classname="pkgCucumber.TestNGTestRunner" name="runScenario" time="12.342"/>
  <testcase classname="pkgCucumber.TestNGTestRunner" name="runScenario" time="30.162"/>
  <testcase classname="pkgCucumber.TestNGTestRunner" name="runScenario" time="22.698"/>
  <testcase classname="pkgCucumber.TestNGTestRunner" name="runScenario" time="16.085"/>
  <testcase classname="pkgCucumber.TestNGTestRunner" name="runScenario" time="32.274">
    <error message="Expected condition failed: waiting for visibility of element located by By.cssSelector: button[class*=&#039;bv_main_container_row_flex bv_ratings_summary&#039;] (tried for 3 second(s) with 500 milliseconds interval)
Build info: version: &#039;4.1.4&#039;, revision: &#039;535d840ee2&#039;
System info: host: &#039;DESKTOP-0IJD7UK&#039;, ip: &#039;10.0.0.24&#039;, os.name: &#039;Windows 10&#039;, os.arch: &#039;amd64&#039;, os.version: &#039;10.0&#039;, java.version: &#039;21.0.1&#039;
Driver info: org.openqa.selenium.chrome.ChromeDriver
Capabilities {acceptInsecureCerts: false, browserName: chrome, browserVersion: 114.0.5735.199, chrome: {chromedriverVersion: 114.0.5735.90 (386bc09e8f4f..., userDataDir: C:\Users\Abhi\AppData\Local...}, goog:chromeOptions: {debuggerAddress: localhost:64203}, javascriptEnabled: true, networkConnectionEnabled: false, pageLoadStrategy: normal, platform: WINDOWS, platformName: WINDOWS, proxy: Proxy(), se:cdp: ws://localhost:64203/devtoo..., se:cdpVersion: 114.0.5735.199, setWindowRect: true, strictFileInteractability: false, timeouts: {implicit: 0, pageLoad: 300000, script: 30000}, unhandledPromptBehavior: dismiss and notify, webauthn:extension:credBlob: true, webauthn:extension:largeBlob: true, webauthn:extension:minPinLength: true, webauthn:extension:prf: true, webauthn:virtualAuthenticators: true}
Session ID: 2a3992187191946f915429e4a7a9cb15" type="org.openqa.selenium.TimeoutException">
      <![CDATA[org.openqa.selenium.TimeoutException: Expected condition failed: waiting for visibility of element located by By.cssSelector: button[class*='bv_main_container_row_flex bv_ratings_summary'] (tried for 3 second(s) with 500 milliseconds interval)
Build info: version: '4.1.4', revision: '535d840ee2'
System info: host: 'DESKTOP-0IJD7UK', ip: '10.0.0.24', os.name: 'Windows 10', os.arch: 'amd64', os.version: '10.0', java.version: '21.0.1'
Driver info: org.openqa.selenium.chrome.ChromeDriver
Capabilities {acceptInsecureCerts: false, browserName: chrome, browserVersion: 114.0.5735.199, chrome: {chromedriverVersion: 114.0.5735.90 (386bc09e8f4f..., userDataDir: C:\Users\Abhi\AppData\Local...}, goog:chromeOptions: {debuggerAddress: localhost:64203}, javascriptEnabled: true, networkConnectionEnabled: false, pageLoadStrategy: normal, platform: WINDOWS, platformName: WINDOWS, proxy: Proxy(), se:cdp: ws://localhost:64203/devtoo..., se:cdpVersion: 114.0.5735.199, setWindowRect: true, strictFileInteractability: false, timeouts: {implicit: 0, pageLoad: 300000, script: 30000}, unhandledPromptBehavior: dismiss and notify, webauthn:extension:credBlob: true, webauthn:extension:largeBlob: true, webauthn:extension:minPinLength: true, webauthn:extension:prf: true, webauthn:virtualAuthenticators: true}
Session ID: 2a3992187191946f915429e4a7a9cb15
at org.openqa.selenium.support.ui.WebDriverWait.timeoutException(WebDriverWait.java:87)
at org.openqa.selenium.support.ui.FluentWait.until(FluentWait.java:231)
at pkgTest.ReusableComps.WebElementExplicitWait(ReusableComps.java:28)
at pkgTest.Page_Objects_Product_Details_Page.hover_on_stars_click_read_review(Page_Objects_Product_Details_Page.java:90)
at pkgStepDefinitions.Step_Defs.hover_on_stars_click_review(Step_Defs.java:168)
at ✽.I hover on stars and click read review(file:///C:/Users/Abhi/Desktop/Selenium/Eclipse/Automation_FW/src/test/java/pkgCucumber/test_cases.feature:124)
]]>
    </error>
  </testcase> <!-- runScenario -->
  <testcase classname="pkgCucumber.TestNGTestRunner" name="runScenario" time="16.757"/>
  <testcase classname="pkgCucumber.TestNGTestRunner" name="runScenario" time="70.429"/>
  <testcase classname="pkgCucumber.TestNGTestRunner" name="runScenario" time="47.863"/>
  <testcase classname="pkgCucumber.TestNGTestRunner" name="runScenario" time="26.489">
    <error message="Cannot locate option with text: Camry
For documentation on this error, please visit: https://selenium.dev/exceptions/#no_such_element
Build info: version: &#039;4.1.4&#039;, revision: &#039;535d840ee2&#039;
System info: host: &#039;DESKTOP-0IJD7UK&#039;, ip: &#039;10.0.0.24&#039;, os.name: &#039;Windows 10&#039;, os.arch: &#039;amd64&#039;, os.version: &#039;10.0&#039;, java.version: &#039;21.0.1&#039;
Driver info: driver.version: unknown" type="org.openqa.selenium.NoSuchElementException">
      <![CDATA[org.openqa.selenium.NoSuchElementException: Cannot locate option with text: Camry
For documentation on this error, please visit: https://selenium.dev/exceptions/#no_such_element
Build info: version: '4.1.4', revision: '535d840ee2'
System info: host: 'DESKTOP-0IJD7UK', ip: '10.0.0.24', os.name: 'Windows 10', os.arch: 'amd64', os.version: '10.0', java.version: '21.0.1'
Driver info: driver.version: unknown
at org.openqa.selenium.support.ui.Select.selectByVisibleText(Select.java:151)
at pkgTest.Page_Objects_Home_Page.select_vehicle_model(Page_Objects_Home_Page.java:367)
at pkgStepDefinitions.Step_Defs.select_model(Step_Defs.java:97)
at ✽.I select vehicle model Camry(file:///C:/Users/Abhi/Desktop/Selenium/Eclipse/Automation_FW/src/test/java/pkgCucumber/test_cases.feature:98)
]]>
    </error>
  </testcase> <!-- runScenario -->
</testsuite> <!-- pkgCucumber.TestNGTestRunner -->
