<?xml version="1.0" encoding="UTF-8"?>
<!-- Generated by org.testng.reporters.JUnitReportReporter -->
<testsuite hostname="DESKTOP-0IJD7UK" failures="0" tests="1" name="pkgTest.SetupTest" time="35.535" errors="0" timestamp="2024-04-08T22:42:42 PDT" skipped="0">
  <testcase classname="pkgTest.SetupTest" name="first" time="35.535"/>
  <system-out/>
</testsuite> <!-- pkgTest.SetupTest -->
