<?xml version="1.0" encoding="UTF-8"?>
<!-- Generated by org.testng.reporters.JUnitReportReporter -->
<testsuite hostname="DESKTOP-0IJD7UK" failures="0" tests="12" name="pkgCucumber.TestNGTestRunner" time="406.353" errors="2" timestamp="2024-11-13T07:02:32 PST" skipped="0">
  <testcase classname="pkgCucumber.TestNGTestRunner" name="runScenario" time="35.253"/>
  <system-out/>
  <testcase classname="pkgCucumber.TestNGTestRunner" name="runScenario" time="36.480"/>
  <system-out/>
  <testcase classname="pkgCucumber.TestNGTestRunner" name="runScenario" time="57.128">
    <error message="Expected condition failed: waiting for visibility of element located by By.cssSelector: div#e-1661522315904 (tried for 3 second(s) with 500 milliseconds interval)
Build info: version: &#039;4.1.4&#039;, revision: &#039;535d840ee2&#039;
System info: host: &#039;DESKTOP-0IJD7UK&#039;, ip: &#039;10.0.0.64&#039;, os.name: &#039;Windows 10&#039;, os.arch: &#039;amd64&#039;, os.version: &#039;10.0&#039;, java.version: &#039;21.0.1&#039;
Driver info: org.openqa.selenium.chrome.ChromeDriver
Capabilities {acceptInsecureCerts: false, browserName: chrome, browserVersion: 114.0.5735.199, chrome: {chromedriverVersion: 114.0.5735.90 (386bc09e8f4f..., userDataDir: C:\Users\Abhi\AppData\Local...}, goog:chromeOptions: {debuggerAddress: localhost:53933}, javascriptEnabled: true, networkConnectionEnabled: false, pageLoadStrategy: normal, platform: WINDOWS, platformName: WINDOWS, proxy: Proxy(), se:cdp: ws://localhost:53933/devtoo..., se:cdpVersion: 114.0.5735.199, setWindowRect: true, strictFileInteractability: false, timeouts: {implicit: 0, pageLoad: 300000, script: 30000}, unhandledPromptBehavior: dismiss and notify, webauthn:extension:credBlob: true, webauthn:extension:largeBlob: true, webauthn:extension:minPinLength: true, webauthn:extension:prf: true, webauthn:virtualAuthenticators: true}
Session ID: 62192e13caee1111ea99b865e9fc265b" type="org.openqa.selenium.TimeoutException">
      <![CDATA[org.openqa.selenium.TimeoutException: Expected condition failed: waiting for visibility of element located by By.cssSelector: div#e-1661522315904 (tried for 3 second(s) with 500 milliseconds interval)
Build info: version: '4.1.4', revision: '535d840ee2'
System info: host: 'DESKTOP-0IJD7UK', ip: '10.0.0.64', os.name: 'Windows 10', os.arch: 'amd64', os.version: '10.0', java.version: '21.0.1'
Driver info: org.openqa.selenium.chrome.ChromeDriver
Capabilities {acceptInsecureCerts: false, browserName: chrome, browserVersion: 114.0.5735.199, chrome: {chromedriverVersion: 114.0.5735.90 (386bc09e8f4f..., userDataDir: C:\Users\Abhi\AppData\Local...}, goog:chromeOptions: {debuggerAddress: localhost:53933}, javascriptEnabled: true, networkConnectionEnabled: false, pageLoadStrategy: normal, platform: WINDOWS, platformName: WINDOWS, proxy: Proxy(), se:cdp: ws://localhost:53933/devtoo..., se:cdpVersion: 114.0.5735.199, setWindowRect: true, strictFileInteractability: false, timeouts: {implicit: 0, pageLoad: 300000, script: 30000}, unhandledPromptBehavior: dismiss and notify, webauthn:extension:credBlob: true, webauthn:extension:largeBlob: true, webauthn:extension:minPinLength: true, webauthn:extension:prf: true, webauthn:virtualAuthenticators: true}
Session ID: 62192e13caee1111ea99b865e9fc265b
at org.openqa.selenium.support.ui.WebDriverWait.timeoutException(WebDriverWait.java:87)
at org.openqa.selenium.support.ui.FluentWait.until(FluentWait.java:231)
at pkgTest.ReusableComps.WebElementExplicitWait(ReusableComps.java:28)
at pkgTest.Page_Objects_Home_Page.hiring_banner_display(Page_Objects_Home_Page.java:326)
at pkgStepDefinitions.Step_Defs.hiring_banner(Step_Defs.java:72)
at ✽.hiring banner should be displayed(file:///C:/Users/Abhi/Desktop/Selenium/Eclipse/Automation_FW/src/test/java/pkgCucumber/test_cases.feature:69)
]]>
    </error>
  </testcase> <!-- runScenario -->
  <system-out/>
  <testcase classname="pkgCucumber.TestNGTestRunner" name="runScenario" time="63.000">
    <error message="Expected condition failed: waiting for visibility of element located by By.cssSelector: div[aria-labelledby=&#039;ResourceList0&#039;]&gt;div:nth-child(2)&gt;div:nth-child(1)&gt;div&gt;div:nth-child(1)&gt;picture&gt;img (tried for 3 second(s) with 500 milliseconds interval)
Build info: version: &#039;4.1.4&#039;, revision: &#039;535d840ee2&#039;
System info: host: &#039;DESKTOP-0IJD7UK&#039;, ip: &#039;10.0.0.64&#039;, os.name: &#039;Windows 10&#039;, os.arch: &#039;amd64&#039;, os.version: &#039;10.0&#039;, java.version: &#039;21.0.1&#039;
Driver info: org.openqa.selenium.chrome.ChromeDriver
Capabilities {acceptInsecureCerts: false, browserName: chrome, browserVersion: 114.0.5735.199, chrome: {chromedriverVersion: 114.0.5735.90 (386bc09e8f4f..., userDataDir: C:\Users\Abhi\AppData\Local...}, goog:chromeOptions: {debuggerAddress: localhost:54523}, javascriptEnabled: true, networkConnectionEnabled: false, pageLoadStrategy: normal, platform: WINDOWS, platformName: WINDOWS, proxy: Proxy(), se:cdp: ws://localhost:54523/devtoo..., se:cdpVersion: 114.0.5735.199, setWindowRect: true, strictFileInteractability: false, timeouts: {implicit: 0, pageLoad: 300000, script: 30000}, unhandledPromptBehavior: dismiss and notify, webauthn:extension:credBlob: true, webauthn:extension:largeBlob: true, webauthn:extension:minPinLength: true, webauthn:extension:prf: true, webauthn:virtualAuthenticators: true}
Session ID: 7c5b67b5d31bbdd60161886110eba692" type="org.openqa.selenium.TimeoutException">
      <![CDATA[org.openqa.selenium.TimeoutException: Expected condition failed: waiting for visibility of element located by By.cssSelector: div[aria-labelledby='ResourceList0']>div:nth-child(2)>div:nth-child(1)>div>div:nth-child(1)>picture>img (tried for 3 second(s) with 500 milliseconds interval)
Build info: version: '4.1.4', revision: '535d840ee2'
System info: host: 'DESKTOP-0IJD7UK', ip: '10.0.0.64', os.name: 'Windows 10', os.arch: 'amd64', os.version: '10.0', java.version: '21.0.1'
Driver info: org.openqa.selenium.chrome.ChromeDriver
Capabilities {acceptInsecureCerts: false, browserName: chrome, browserVersion: 114.0.5735.199, chrome: {chromedriverVersion: 114.0.5735.90 (386bc09e8f4f..., userDataDir: C:\Users\Abhi\AppData\Local...}, goog:chromeOptions: {debuggerAddress: localhost:54523}, javascriptEnabled: true, networkConnectionEnabled: false, pageLoadStrategy: normal, platform: WINDOWS, platformName: WINDOWS, proxy: Proxy(), se:cdp: ws://localhost:54523/devtoo..., se:cdpVersion: 114.0.5735.199, setWindowRect: true, strictFileInteractability: false, timeouts: {implicit: 0, pageLoad: 300000, script: 30000}, unhandledPromptBehavior: dismiss and notify, webauthn:extension:credBlob: true, webauthn:extension:largeBlob: true, webauthn:extension:minPinLength: true, webauthn:extension:prf: true, webauthn:virtualAuthenticators: true}
Session ID: 7c5b67b5d31bbdd60161886110eba692
at org.openqa.selenium.support.ui.WebDriverWait.timeoutException(WebDriverWait.java:87)
at org.openqa.selenium.support.ui.FluentWait.until(FluentWait.java:231)
at pkgTest.ReusableComps.WebElementExplicitWait(ReusableComps.java:28)
at pkgTest.Page_Objects_Checkout_Page.validate_item_image_thumbnail_displayed_checkout_page(Page_Objects_Checkout_Page.java:102)
at pkgStepDefinitions.Step_Defs.checkout_page_image_thumbnail(Step_Defs.java:239)
at ✽.Item thubnail image should be displayed(file:///C:/Users/Abhi/Desktop/Selenium/Eclipse/Automation_FW/src/test/java/pkgCucumber/test_cases.feature:154)
]]>
    </error>
  </testcase> <!-- runScenario -->
  <system-out/>
  <testcase classname="pkgCucumber.TestNGTestRunner" name="runScenario" time="46.600"/>
  <system-out/>
  <testcase classname="pkgCucumber.TestNGTestRunner" name="runScenario" time="19.051"/>
  <system-out/>
  <testcase classname="pkgCucumber.TestNGTestRunner" name="runScenario" time="17.977"/>
  <system-out/>
  <testcase classname="pkgCucumber.TestNGTestRunner" name="runScenario" time="37.224"/>
  <system-out/>
  <testcase classname="pkgCucumber.TestNGTestRunner" name="runScenario" time="24.568"/>
  <system-out/>
  <testcase classname="pkgCucumber.TestNGTestRunner" name="runScenario" time="24.588"/>
  <system-out/>
  <testcase classname="pkgCucumber.TestNGTestRunner" name="runScenario" time="25.323"/>
  <system-out/>
  <testcase classname="pkgCucumber.TestNGTestRunner" name="runScenario" time="19.161"/>
  <system-out/>
</testsuite> <!-- pkgCucumber.TestNGTestRunner -->
