<?xml version="1.0" encoding="UTF-8"?>
<!-- Generated by org.testng.reporters.JUnitReportReporter -->
<testsuite hostname="DESKTOP-0IJD7UK" failures="0" tests="12" name="pkgCucumber.TestNGTestRunner" time="301.052" errors="2" timestamp="2024-10-28T17:07:35 PDT" skipped="0">
  <testcase classname="pkgCucumber.TestNGTestRunner" name="runScenario" time="13.403"/>
  <system-out/>
  <testcase classname="pkgCucumber.TestNGTestRunner" name="runScenario" time="29.058"/>
  <system-out/>
  <testcase classname="pkgCucumber.TestNGTestRunner" name="runScenario" time="19.509"/>
  <system-out/>
  <testcase classname="pkgCucumber.TestNGTestRunner" name="runScenario" time="13.497"/>
  <system-out/>
  <testcase classname="pkgCucumber.TestNGTestRunner" name="runScenario" time="29.037"/>
  <system-out/>
  <testcase classname="pkgCucumber.TestNGTestRunner" name="runScenario" time="30.645">
    <error message="Expected condition failed: waiting for visibility of element located by By.cssSelector: div#m-1689865380373&gt;div&gt;div:nth-child(2)&gt;button:nth-child(2) (tried for 3 second(s) with 500 milliseconds interval)
Build info: version: &#039;4.1.4&#039;, revision: &#039;535d840ee2&#039;
System info: host: &#039;DESKTOP-0IJD7UK&#039;, ip: &#039;10.0.0.64&#039;, os.name: &#039;Windows 10&#039;, os.arch: &#039;amd64&#039;, os.version: &#039;10.0&#039;, java.version: &#039;21.0.1&#039;
Driver info: org.openqa.selenium.chrome.ChromeDriver
Capabilities {acceptInsecureCerts: false, browserName: chrome, browserVersion: 114.0.5735.199, chrome: {chromedriverVersion: 114.0.5735.90 (386bc09e8f4f..., userDataDir: C:\Users\Abhi\AppData\Local...}, goog:chromeOptions: {debuggerAddress: localhost:58952}, javascriptEnabled: true, networkConnectionEnabled: false, pageLoadStrategy: normal, platform: WINDOWS, platformName: WINDOWS, proxy: Proxy(), se:cdp: ws://localhost:58952/devtoo..., se:cdpVersion: 114.0.5735.199, setWindowRect: true, strictFileInteractability: false, timeouts: {implicit: 0, pageLoad: 300000, script: 30000}, unhandledPromptBehavior: dismiss and notify, webauthn:extension:credBlob: true, webauthn:extension:largeBlob: true, webauthn:extension:minPinLength: true, webauthn:extension:prf: true, webauthn:virtualAuthenticators: true}
Session ID: 0e4fc8f96588b119049ea56ae552450a" type="org.openqa.selenium.TimeoutException">
      <![CDATA[org.openqa.selenium.TimeoutException: Expected condition failed: waiting for visibility of element located by By.cssSelector: div#m-1689865380373>div>div:nth-child(2)>button:nth-child(2) (tried for 3 second(s) with 500 milliseconds interval)
Build info: version: '4.1.4', revision: '535d840ee2'
System info: host: 'DESKTOP-0IJD7UK', ip: '10.0.0.64', os.name: 'Windows 10', os.arch: 'amd64', os.version: '10.0', java.version: '21.0.1'
Driver info: org.openqa.selenium.chrome.ChromeDriver
Capabilities {acceptInsecureCerts: false, browserName: chrome, browserVersion: 114.0.5735.199, chrome: {chromedriverVersion: 114.0.5735.90 (386bc09e8f4f..., userDataDir: C:\Users\Abhi\AppData\Local...}, goog:chromeOptions: {debuggerAddress: localhost:58952}, javascriptEnabled: true, networkConnectionEnabled: false, pageLoadStrategy: normal, platform: WINDOWS, platformName: WINDOWS, proxy: Proxy(), se:cdp: ws://localhost:58952/devtoo..., se:cdpVersion: 114.0.5735.199, setWindowRect: true, strictFileInteractability: false, timeouts: {implicit: 0, pageLoad: 300000, script: 30000}, unhandledPromptBehavior: dismiss and notify, webauthn:extension:credBlob: true, webauthn:extension:largeBlob: true, webauthn:extension:minPinLength: true, webauthn:extension:prf: true, webauthn:virtualAuthenticators: true}
Session ID: 0e4fc8f96588b119049ea56ae552450a
at org.openqa.selenium.support.ui.WebDriverWait.timeoutException(WebDriverWait.java:87)
at org.openqa.selenium.support.ui.FluentWait.until(FluentWait.java:231)
at pkgTest.ReusableComps.WebElementExplicitWait(ReusableComps.java:28)
at pkgTest.Page_Objects_Home_Page.verify_top_brands(Page_Objects_Home_Page.java:304)
at pkgStepDefinitions.Step_Defs.top_brands(Step_Defs.java:67)
at ✽.top brands section should display new brands on clicking right arrow key in the section(file:///C:/Users/Abhi/Desktop/Selenium/Eclipse/Automation_FW/src/test/java/pkgCucumber/test_cases.feature:58)
]]>
    </error>
  </testcase> <!-- runScenario -->
  <system-out/>
  <testcase classname="pkgCucumber.TestNGTestRunner" name="runScenario" time="31.993"/>
  <system-out/>
  <testcase classname="pkgCucumber.TestNGTestRunner" name="runScenario" time="46.559">
    <error message="Expected condition failed: waiting for visibility of element located by By.cssSelector: div[aria-labelledby=&#039;ResourceList0&#039;]&gt;div:nth-child(2)&gt;div:nth-child(1)&gt;div&gt;div:nth-child(1)&gt;picture&gt;img (tried for 3 second(s) with 500 milliseconds interval)
Build info: version: &#039;4.1.4&#039;, revision: &#039;535d840ee2&#039;
System info: host: &#039;DESKTOP-0IJD7UK&#039;, ip: &#039;10.0.0.64&#039;, os.name: &#039;Windows 10&#039;, os.arch: &#039;amd64&#039;, os.version: &#039;10.0&#039;, java.version: &#039;21.0.1&#039;
Driver info: org.openqa.selenium.chrome.ChromeDriver
Capabilities {acceptInsecureCerts: false, browserName: chrome, browserVersion: 114.0.5735.199, chrome: {chromedriverVersion: 114.0.5735.90 (386bc09e8f4f..., userDataDir: C:\Users\Abhi\AppData\Local...}, goog:chromeOptions: {debuggerAddress: localhost:59424}, javascriptEnabled: true, networkConnectionEnabled: false, pageLoadStrategy: normal, platform: WINDOWS, platformName: WINDOWS, proxy: Proxy(), se:cdp: ws://localhost:59424/devtoo..., se:cdpVersion: 114.0.5735.199, setWindowRect: true, strictFileInteractability: false, timeouts: {implicit: 0, pageLoad: 300000, script: 30000}, unhandledPromptBehavior: dismiss and notify, webauthn:extension:credBlob: true, webauthn:extension:largeBlob: true, webauthn:extension:minPinLength: true, webauthn:extension:prf: true, webauthn:virtualAuthenticators: true}
Session ID: 8a82c545906ab28b4b4bf6559b06b7ef" type="org.openqa.selenium.TimeoutException">
      <![CDATA[org.openqa.selenium.TimeoutException: Expected condition failed: waiting for visibility of element located by By.cssSelector: div[aria-labelledby='ResourceList0']>div:nth-child(2)>div:nth-child(1)>div>div:nth-child(1)>picture>img (tried for 3 second(s) with 500 milliseconds interval)
Build info: version: '4.1.4', revision: '535d840ee2'
System info: host: 'DESKTOP-0IJD7UK', ip: '10.0.0.64', os.name: 'Windows 10', os.arch: 'amd64', os.version: '10.0', java.version: '21.0.1'
Driver info: org.openqa.selenium.chrome.ChromeDriver
Capabilities {acceptInsecureCerts: false, browserName: chrome, browserVersion: 114.0.5735.199, chrome: {chromedriverVersion: 114.0.5735.90 (386bc09e8f4f..., userDataDir: C:\Users\Abhi\AppData\Local...}, goog:chromeOptions: {debuggerAddress: localhost:59424}, javascriptEnabled: true, networkConnectionEnabled: false, pageLoadStrategy: normal, platform: WINDOWS, platformName: WINDOWS, proxy: Proxy(), se:cdp: ws://localhost:59424/devtoo..., se:cdpVersion: 114.0.5735.199, setWindowRect: true, strictFileInteractability: false, timeouts: {implicit: 0, pageLoad: 300000, script: 30000}, unhandledPromptBehavior: dismiss and notify, webauthn:extension:credBlob: true, webauthn:extension:largeBlob: true, webauthn:extension:minPinLength: true, webauthn:extension:prf: true, webauthn:virtualAuthenticators: true}
Session ID: 8a82c545906ab28b4b4bf6559b06b7ef
at org.openqa.selenium.support.ui.WebDriverWait.timeoutException(WebDriverWait.java:87)
at org.openqa.selenium.support.ui.FluentWait.until(FluentWait.java:231)
at pkgTest.ReusableComps.WebElementExplicitWait(ReusableComps.java:28)
at pkgTest.Page_Objects_Checkout_Page.validate_item_image_thumbnail_displayed_checkout_page(Page_Objects_Checkout_Page.java:102)
at pkgStepDefinitions.Step_Defs.checkout_page_image_thumbnail(Step_Defs.java:239)
at ✽.Item thubnail image should be displayed(file:///C:/Users/Abhi/Desktop/Selenium/Eclipse/Automation_FW/src/test/java/pkgCucumber/test_cases.feature:154)
]]>
    </error>
  </testcase> <!-- runScenario -->
  <system-out/>
  <testcase classname="pkgCucumber.TestNGTestRunner" name="runScenario" time="20.227"/>
  <system-out/>
  <testcase classname="pkgCucumber.TestNGTestRunner" name="runScenario" time="19.049"/>
  <system-out/>
  <testcase classname="pkgCucumber.TestNGTestRunner" name="runScenario" time="33.010"/>
  <system-out/>
  <testcase classname="pkgCucumber.TestNGTestRunner" name="runScenario" time="15.065"/>
  <system-out/>
</testsuite> <!-- pkgCucumber.TestNGTestRunner -->
